<?xml version="1.0" encoding="UTF-8"?>
<testsuite name="edu.ie3.TestDummy" tests="1" skipped="0" failures="0" errors="0" timestamp="2019-12-11T20:25:22" hostname="LenovoThinkPad" time="0.024">
  <properties/>
  <testcase name="Empty Spec" classname="edu.ie3.TestDummy" time="0.024"/>
  <system-out><![CDATA[]]></system-out>
  <system-err><![CDATA[ERROR StatusLogger No Log4j 2 configuration file found. Using default configuration (logging only errors to the console), or user programmatically provided configurations. Set system property 'log4j2.debug' to show Log4j 2 internal initialization logging. See https://logging.apache.org/log4j/2.x/manual/configuration.html for instructions on how to configure Log4j 2
]]></system-err>
</testsuite>
